# JRE version: OpenJDK Runtime Environment (8.0_212-b04) (build 1.8.0_212-release-1586-b04)
# Java VM: OpenJDK 64-Bit Server VM (25.212-b04 mixed mode windows-amd64 compressed oops)
Heap:
 PSYoungGen      total 139264K, used 75975K [0x00000000e0000000, 0x00000000f0680000, 0x0000000100000000)
  eden space 126464K, 60% used [0x00000000e0000000,0x00000000e4a31e40,0x00000000e7b80000)
  from space 12800K, 0% used [0x00000000e7b80000,0x00000000e7b80000,0x00000000e8800000)
  to   space 13312K, 0% used [0x00000000ef980000,0x00000000ef980000,0x00000000f0680000)
 ParOldGen       total 112640K, used 17133K [0x00000000a0000000, 0x00000000a6e00000, 0x00000000e0000000)
  object space 112640K, 15% used [0x00000000a0000000,0x00000000a10bb728,0x00000000a6e00000)
 Metaspace       used 41562K, capacity 42718K, committed 42880K, reserved 1085440K
  class space    used 5602K, capacity 5921K, committed 6016K, reserved 1048576K
GC Heap History (10 events):
Event: 3.827 GC heap before
{Heap before GC invocations=5 (full 1):
 PSYoungGen      total 76288K, used 7741K [0x00000000e0000000, 0x00000000e9500000, 0x0000000100000000)
  eden space 65536K, 0% used [0x00000000e0000000,0x00000000e0000000,0x00000000e4000000)
  from space 10752K, 72% used [0x00000000e4a80000,0x00000000e520f670,0x00000000e5500000)
  to   space 10752K, 0% used [0x00000000e4000000,0x00000000e4000000,0x00000000e4a80000)
 ParOldGen       total 175104K, used 2268K [0x00000000a0000000, 0x00000000aab00000, 0x00000000e0000000)
  object space 175104K, 1% used [0x00000000a0000000,0x00000000a02373e0,0x00000000aab00000)
 Metaspace       used 20674K, capacity 21182K, committed 21296K, reserved 1067008K
  class space    used 2973K, capacity 3133K, committed 3200K, reserved 1048576K
Event: 3.851 GC heap after
Heap after GC invocations=5 (full 1):
 PSYoungGen      total 76288K, used 0K [0x00000000e0000000, 0x00000000e9500000, 0x0000000100000000)
  eden space 65536K, 0% used [0x00000000e0000000,0x00000000e0000000,0x00000000e4000000)
  from space 10752K, 0% used [0x00000000e4a80000,0x00000000e4a80000,0x00000000e5500000)
  to   space 10752K, 0% used [0x00000000e4000000,0x00000000e4000000,0x00000000e4a80000)
 ParOldGen       total 78336K, used 7550K [0x00000000a0000000, 0x00000000a4c80000, 0x00000000e0000000)
  object space 78336K, 9% used [0x00000000a0000000,0x00000000a075f878,0x00000000a4c80000)
 Metaspace       used 20674K, capacity 21182K, committed 21296K, reserved 1067008K
  class space    used 2973K, capacity 3133K, committed 3200K, reserved 1048576K
}
Event: 4.321 GC heap before
{Heap before GC invocations=6 (full 1):
 PSYoungGen      total 76288K, used 65536K [0x00000000e0000000, 0x00000000e9500000, 0x0000000100000000)
  eden space 65536K, 100% used [0x00000000e0000000,0x00000000e4000000,0x00000000e4000000)
  from space 10752K, 0% used [0x00000000e4a80000,0x00000000e4a80000,0x00000000e5500000)
  to   space 10752K, 0% used [0x00000000e4000000,0x00000000e4000000,0x00000000e4a80000)
 ParOldGen       total 78336K, used 7550K [0x00000000a0000000, 0x00000000a4c80000, 0x00000000e0000000)
  object space 78336K, 9% used [0x00000000a0000000,0x00000000a075f878,0x00000000a4c80000)
 Metaspace       used 29101K, capacity 29666K, committed 30080K, reserved 1075200K
  class space    used 3914K, capacity 4101K, committed 4224K, reserved 1048576K
Event: 4.325 GC heap after
Heap after GC invocations=6 (full 1):
 PSYoungGen      total 76288K, used 8201K [0x00000000e0000000, 0x00000000e9780000, 0x0000000100000000)
  eden space 65536K, 0% used [0x00000000e0000000,0x00000000e0000000,0x00000000e4000000)
  from space 10752K, 76% used [0x00000000e4000000,0x00000000e4802418,0x00000000e4a80000)
  to   space 13824K, 0% used [0x00000000e8a00000,0x00000000e8a00000,0x00000000e9780000)
 ParOldGen       total 78336K, used 7558K [0x00000000a0000000, 0x00000000a4c80000, 0x00000000e0000000)
  object space 78336K, 9% used [0x00000000a0000000,0x00000000a0761878,0x00000000a4c80000)
 Metaspace       used 29101K, capacity 29666K, committed 30080K, reserved 1075200K
  class space    used 3914K, capacity 4101K, committed 4224K, reserved 1048576K
}
Event: 4.644 GC heap before
{Heap before GC invocations=7 (full 1):
 PSYoungGen      total 76288K, used 73737K [0x00000000e0000000, 0x00000000e9780000, 0x0000000100000000)
  eden space 65536K, 100% used [0x00000000e0000000,0x00000000e4000000,0x00000000e4000000)
  from space 10752K, 76% used [0x00000000e4000000,0x00000000e4802418,0x00000000e4a80000)
  to   space 13824K, 0% used [0x00000000e8a00000,0x00000000e8a00000,0x00000000e9780000)
 ParOldGen       total 78336K, used 7558K [0x00000000a0000000, 0x00000000a4c80000, 0x00000000e0000000)
  object space 78336K, 9% used [0x00000000a0000000,0x00000000a0761878,0x00000000a4c80000)
 Metaspace       used 32083K, capacity 32736K, committed 33024K, reserved 1077248K
  class space    used 4389K, capacity 4591K, committed 4608K, reserved 1048576K
Event: 4.652 GC heap after
Heap after GC invocations=7 (full 1):
 PSYoungGen      total 137216K, used 9047K [0x00000000e0000000, 0x00000000e9480000, 0x0000000100000000)
  eden space 126464K, 0% used [0x00000000e0000000,0x00000000e0000000,0x00000000e7b80000)
  from space 10752K, 84% used [0x00000000e8a00000,0x00000000e92d5d90,0x00000000e9480000)
  to   space 12800K, 0% used [0x00000000e7b80000,0x00000000e7b80000,0x00000000e8800000)
 ParOldGen       total 78336K, used 7566K [0x00000000a0000000, 0x00000000a4c80000, 0x00000000e0000000)
  object space 78336K, 9% used [0x00000000a0000000,0x00000000a0763878,0x00000000a4c80000)
 Metaspace       used 32083K, capacity 32736K, committed 33024K, reserved 1077248K
  class space    used 4389K, capacity 4591K, committed 4608K, reserved 1048576K
}
Event: 4.997 GC heap before
{Heap before GC invocations=8 (full 1):
 PSYoungGen      total 137216K, used 62070K [0x00000000e0000000, 0x00000000e9480000, 0x0000000100000000)
  eden space 126464K, 41% used [0x00000000e0000000,0x00000000e33c7d00,0x00000000e7b80000)
  from space 10752K, 84% used [0x00000000e8a00000,0x00000000e92d5d90,0x00000000e9480000)
  to   space 12800K, 0% used [0x00000000e7b80000,0x00000000e7b80000,0x00000000e8800000)
 ParOldGen       total 78336K, used 7566K [0x00000000a0000000, 0x00000000a4c80000, 0x00000000e0000000)
  object space 78336K, 9% used [0x00000000a0000000,0x00000000a0763878,0x00000000a4c80000)
 Metaspace       used 34429K, capacity 35352K, committed 35456K, reserved 1079296K
  class space    used 4726K, capacity 4949K, committed 4992K, reserved 1048576K
Event: 5.004 GC heap after
Heap after GC invocations=8 (full 1):
 PSYoungGen      total 139264K, used 10161K [0x00000000e0000000, 0x00000000f0680000, 0x0000000100000000)
  eden space 126464K, 0% used [0x00000000e0000000,0x00000000e0000000,0x00000000e7b80000)
  from space 12800K, 79% used [0x00000000e7b80000,0x00000000e856c4f0,0x00000000e8800000)
  to   space 13312K, 0% used [0x00000000ef980000,0x00000000ef980000,0x00000000f0680000)
 ParOldGen       total 78336K, used 7574K [0x00000000a0000000, 0x00000000a4c80000, 0x00000000e0000000)
  object space 78336K, 9% used [0x00000000a0000000,0x00000000a0765878,0x00000000a4c80000)
 Metaspace       used 34429K, capacity 35352K, committed 35456K, reserved 1079296K
  class space    used 4726K, capacity 4949K, committed 4992K, reserved 1048576K
}
Event: 5.004 GC heap before
{Heap before GC invocations=9 (full 2):
 PSYoungGen      total 139264K, used 10161K [0x00000000e0000000, 0x00000000f0680000, 0x0000000100000000)
  eden space 126464K, 0% used [0x00000000e0000000,0x00000000e0000000,0x00000000e7b80000)
  from space 12800K, 79% used [0x00000000e7b80000,0x00000000e856c4f0,0x00000000e8800000)
  to   space 13312K, 0% used [0x00000000ef980000,0x00000000ef980000,0x00000000f0680000)
 ParOldGen       total 78336K, used 7574K [0x00000000a0000000, 0x00000000a4c80000, 0x00000000e0000000)
  object space 78336K, 9% used [0x00000000a0000000,0x00000000a0765878,0x00000000a4c80000)
 Metaspace       used 34429K, capacity 35352K, committed 35456K, reserved 1079296K
  class space    used 4726K, capacity 4949K, committed 4992K, reserved 1048576K
Event: 5.085 GC heap after
Heap after GC invocations=9 (full 2):
 PSYoungGen      total 139264K, used 0K [0x00000000e0000000, 0x00000000f0680000, 0x0000000100000000)
  eden space 126464K, 0% used [0x00000000e0000000,0x00000000e0000000,0x00000000e7b80000)
  from space 12800K, 0% used [0x00000000e7b80000,0x00000000e7b80000,0x00000000e8800000)
  to   space 13312K, 0% used [0x00000000ef980000,0x00000000ef980000,0x00000000f0680000)
 ParOldGen       total 112640K, used 17133K [0x00000000a0000000, 0x00000000a6e00000, 0x00000000e0000000)
  object space 112640K, 15% used [0x00000000a0000000,0x00000000a10bb728,0x00000000a6e00000)
 Metaspace       used 34372K, capacity 35160K, committed 35456K, reserved 1079296K
  class space    used 4708K, capacity 4917K, committed 4992K, reserved 1048576K
}

