# JRE version: OpenJDK Runtime Environment (8.0_212-b04) (build 1.8.0_212-release-1586-b04)
# Java VM: OpenJDK 64-Bit Server VM (25.212-b04 mixed mode windows-amd64 compressed oops)
Heap:
 PSYoungGen      total 397312K, used 269339K [0x00000000e0000000, 0x0000000100000000, 0x0000000100000000)
  eden space 350208K, 76% used [0x00000000e0000000,0x00000000f0706ee0,0x00000000f5600000)
  from space 47104K, 0% used [0x00000000f5600000,0x00000000f5600000,0x00000000f8400000)
  to   space 75264K, 0% used [0x00000000fb680000,0x00000000fb680000,0x0000000100000000)
 ParOldGen       total 371712K, used 163505K [0x00000000a0000000, 0x00000000b6b00000, 0x00000000e0000000)
  object space 371712K, 43% used [0x00000000a0000000,0x00000000a9fac470,0x00000000b6b00000)
 Metaspace       used 85555K, capacity 89136K, committed 92672K, reserved 1128448K
  class space    used 11297K, capacity 12071K, committed 12800K, reserved 1048576K
GC Heap History (10 events):
Event: 56.800 GC heap before
{Heap before GC invocations=15 (full 3):
 PSYoungGen      total 285696K, used 285689K [0x00000000e0000000, 0x00000000f7b80000, 0x0000000100000000)
  eden space 262656K, 100% used [0x00000000e0000000,0x00000000f0080000,0x00000000f0080000)
  from space 23040K, 99% used [0x00000000f0080000,0x00000000f16fe538,0x00000000f1700000)
  to   space 35840K, 0% used [0x00000000f5880000,0x00000000f5880000,0x00000000f7b80000)
 ParOldGen       total 170496K, used 66421K [0x00000000a0000000, 0x00000000aa680000, 0x00000000e0000000)
  object space 170496K, 38% used [0x00000000a0000000,0x00000000a40dd770,0x00000000aa680000)
 Metaspace       used 75269K, capacity 79128K, committed 79232K, reserved 1118208K
  class space    used 10127K, capacity 10873K, committed 10880K, reserved 1048576K
Event: 56.826 GC heap after
Heap after GC invocations=15 (full 3):
 PSYoungGen      total 343040K, used 35810K [0x00000000e0000000, 0x00000000f8100000, 0x0000000100000000)
  eden space 307200K, 0% used [0x00000000e0000000,0x00000000e0000000,0x00000000f2c00000)
  from space 35840K, 99% used [0x00000000f5880000,0x00000000f7b78a58,0x00000000f7b80000)
  to   space 43520K, 0% used [0x00000000f2c00000,0x00000000f2c00000,0x00000000f5680000)
 ParOldGen       total 170496K, used 72426K [0x00000000a0000000, 0x00000000aa680000, 0x00000000e0000000)
  object space 170496K, 42% used [0x00000000a0000000,0x00000000a46ba860,0x00000000aa680000)
 Metaspace       used 75269K, capacity 79128K, committed 79232K, reserved 1118208K
  class space    used 10127K, capacity 10873K, committed 10880K, reserved 1048576K
}
Event: 59.587 GC heap before
{Heap before GC invocations=16 (full 3):
 PSYoungGen      total 343040K, used 343010K [0x00000000e0000000, 0x00000000f8100000, 0x0000000100000000)
  eden space 307200K, 100% used [0x00000000e0000000,0x00000000f2c00000,0x00000000f2c00000)
  from space 35840K, 99% used [0x00000000f5880000,0x00000000f7b78a58,0x00000000f7b80000)
  to   space 43520K, 0% used [0x00000000f2c00000,0x00000000f2c00000,0x00000000f5680000)
 ParOldGen       total 170496K, used 72426K [0x00000000a0000000, 0x00000000aa680000, 0x00000000e0000000)
  object space 170496K, 42% used [0x00000000a0000000,0x00000000a46ba860,0x00000000aa680000)
 Metaspace       used 84158K, capacity 89354K, committed 89472K, reserved 1126400K
  class space    used 11438K, capacity 12392K, committed 12416K, reserved 1048576K
Event: 59.620 GC heap after
Heap after GC invocations=16 (full 3):
 PSYoungGen      total 350720K, used 39671K [0x00000000e0000000, 0x00000000fba80000, 0x0000000100000000)
  eden space 307200K, 0% used [0x00000000e0000000,0x00000000e0000000,0x00000000f2c00000)
  from space 43520K, 91% used [0x00000000f2c00000,0x00000000f52bdf78,0x00000000f5680000)
  to   space 48640K, 0% used [0x00000000f8b00000,0x00000000f8b00000,0x00000000fba80000)
 ParOldGen       total 170496K, used 92871K [0x00000000a0000000, 0x00000000aa680000, 0x00000000e0000000)
  object space 170496K, 54% used [0x00000000a0000000,0x00000000a5ab1ca8,0x00000000aa680000)
 Metaspace       used 84158K, capacity 89354K, committed 89472K, reserved 1126400K
  class space    used 11438K, capacity 12392K, committed 12416K, reserved 1048576K
}
Event: 60.538 GC heap before
{Heap before GC invocations=17 (full 3):
 PSYoungGen      total 350720K, used 346806K [0x00000000e0000000, 0x00000000fba80000, 0x0000000100000000)
  eden space 307200K, 99% used [0x00000000e0000000,0x00000000f2bef890,0x00000000f2c00000)
  from space 43520K, 91% used [0x00000000f2c00000,0x00000000f52bdf78,0x00000000f5680000)
  to   space 48640K, 0% used [0x00000000f8b00000,0x00000000f8b00000,0x00000000fba80000)
 ParOldGen       total 170496K, used 92871K [0x00000000a0000000, 0x00000000aa680000, 0x00000000e0000000)
  object space 170496K, 54% used [0x00000000a0000000,0x00000000a5ab1ca8,0x00000000aa680000)
 Metaspace       used 85582K, capacity 91154K, committed 91264K, reserved 1128448K
  class space    used 11590K, capacity 12610K, committed 12672K, reserved 1048576K
Event: 60.544 GC heap after
Heap after GC invocations=17 (full 3):
 PSYoungGen      total 390144K, used 13583K [0x00000000e0000000, 0x00000000fb200000, 0x0000000100000000)
  eden space 350208K, 0% used [0x00000000e0000000,0x00000000e0000000,0x00000000f5600000)
  from space 39936K, 34% used [0x00000000f8b00000,0x00000000f9843eb8,0x00000000fb200000)
  to   space 47104K, 0% used [0x00000000f5600000,0x00000000f5600000,0x00000000f8400000)
 ParOldGen       total 170496K, used 92879K [0x00000000a0000000, 0x00000000aa680000, 0x00000000e0000000)
  object space 170496K, 54% used [0x00000000a0000000,0x00000000a5ab3ca8,0x00000000aa680000)
 Metaspace       used 85582K, capacity 91154K, committed 91264K, reserved 1128448K
  class space    used 11590K, capacity 12610K, committed 12672K, reserved 1048576K
}
Event: 61.382 GC heap before
{Heap before GC invocations=18 (full 3):
 PSYoungGen      total 390144K, used 363791K [0x00000000e0000000, 0x00000000fb200000, 0x0000000100000000)
  eden space 350208K, 100% used [0x00000000e0000000,0x00000000f5600000,0x00000000f5600000)
  from space 39936K, 34% used [0x00000000f8b00000,0x00000000f9843eb8,0x00000000fb200000)
  to   space 47104K, 0% used [0x00000000f5600000,0x00000000f5600000,0x00000000f8400000)
 ParOldGen       total 170496K, used 92879K [0x00000000a0000000, 0x00000000aa680000, 0x00000000e0000000)
  object space 170496K, 54% used [0x00000000a0000000,0x00000000a5ab3ca8,0x00000000aa680000)
 Metaspace       used 86539K, capacity 92274K, committed 92416K, reserved 1128448K
  class space    used 11697K, capacity 12758K, committed 12800K, reserved 1048576K
Event: 61.434 GC heap after
Heap after GC invocations=18 (full 3):
 PSYoungGen      total 397312K, used 47083K [0x00000000e0000000, 0x0000000100000000, 0x0000000100000000)
  eden space 350208K, 0% used [0x00000000e0000000,0x00000000e0000000,0x00000000f5600000)
  from space 47104K, 99% used [0x00000000f5600000,0x00000000f83fad10,0x00000000f8400000)
  to   space 75264K, 0% used [0x00000000fb680000,0x00000000fb680000,0x0000000100000000)
 ParOldGen       total 170496K, used 148324K [0x00000000a0000000, 0x00000000aa680000, 0x00000000e0000000)
  object space 170496K, 86% used [0x00000000a0000000,0x00000000a90d9158,0x00000000aa680000)
 Metaspace       used 86539K, capacity 92274K, committed 92416K, reserved 1128448K
  class space    used 11697K, capacity 12758K, committed 12800K, reserved 1048576K
}
Event: 61.434 GC heap before
{Heap before GC invocations=19 (full 4):
 PSYoungGen      total 397312K, used 47083K [0x00000000e0000000, 0x0000000100000000, 0x0000000100000000)
  eden space 350208K, 0% used [0x00000000e0000000,0x00000000e0000000,0x00000000f5600000)
  from space 47104K, 99% used [0x00000000f5600000,0x00000000f83fad10,0x00000000f8400000)
  to   space 75264K, 0% used [0x00000000fb680000,0x00000000fb680000,0x0000000100000000)
 ParOldGen       total 170496K, used 148324K [0x00000000a0000000, 0x00000000aa680000, 0x00000000e0000000)
  object space 170496K, 86% used [0x00000000a0000000,0x00000000a90d9158,0x00000000aa680000)
 Metaspace       used 86539K, capacity 92274K, committed 92416K, reserved 1128448K
  class space    used 11697K, capacity 12758K, committed 12800K, reserved 1048576K
Event: 61.789 GC heap after
Heap after GC invocations=19 (full 4):
 PSYoungGen      total 397312K, used 0K [0x00000000e0000000, 0x0000000100000000, 0x0000000100000000)
  eden space 350208K, 0% used [0x00000000e0000000,0x00000000e0000000,0x00000000f5600000)
  from space 47104K, 0% used [0x00000000f5600000,0x00000000f5600000,0x00000000f8400000)
  to   space 75264K, 0% used [0x00000000fb680000,0x00000000fb680000,0x0000000100000000)
 ParOldGen       total 371712K, used 163505K [0x00000000a0000000, 0x00000000b6b00000, 0x00000000e0000000)
  object space 371712K, 43% used [0x00000000a0000000,0x00000000a9fac470,0x00000000b6b00000)
 Metaspace       used 85312K, capacity 88920K, committed 92416K, reserved 1128448K
  class space    used 11283K, capacity 12029K, committed 12800K, reserved 1048576K
}

