# JRE version: OpenJDK Runtime Environment (8.0_212-b04) (build 1.8.0_212-release-1586-b04)
# Java VM: OpenJDK 64-Bit Server VM (25.212-b04 mixed mode windows-amd64 compressed oops)
Heap:
 PSYoungGen      total 371200K, used 288370K [0x00000000e0000000, 0x00000000fc500000, 0x0000000100000000)
  eden space 327680K, 78% used [0x00000000e0000000,0x00000000efb51a40,0x00000000f4000000)
  from space 43520K, 71% used [0x00000000f4000000,0x00000000f5e4afd8,0x00000000f6a80000)
  to   space 46080K, 0% used [0x00000000f9800000,0x00000000f9800000,0x00000000fc500000)
 ParOldGen       total 177664K, used 95100K [0x00000000a0000000, 0x00000000aad80000, 0x00000000e0000000)
  object space 177664K, 53% used [0x00000000a0000000,0x00000000a5cdf198,0x00000000aad80000)
 Metaspace       used 86730K, capacity 92084K, committed 92288K, reserved 1128448K
  class space    used 11661K, capacity 12667K, committed 12672K, reserved 1048576K
GC Heap History (10 events):
Event: 9.892 GC heap before
{Heap before GC invocations=14 (full 3):
 PSYoungGen      total 269312K, used 268686K [0x00000000e0000000, 0x00000000f4280000, 0x0000000100000000)
  eden space 248832K, 100% used [0x00000000e0000000,0x00000000ef300000,0x00000000ef300000)
  from space 20480K, 96% used [0x00000000f0980000,0x00000000f1ce3820,0x00000000f1d80000)
  to   space 23040K, 0% used [0x00000000ef300000,0x00000000ef300000,0x00000000f0980000)
 ParOldGen       total 177664K, used 39302K [0x00000000a0000000, 0x00000000aad80000, 0x00000000e0000000)
  object space 177664K, 22% used [0x00000000a0000000,0x00000000a2661a18,0x00000000aad80000)
 Metaspace       used 69310K, capacity 72774K, committed 72960K, reserved 1112064K
  class space    used 9448K, capacity 10158K, committed 10240K, reserved 1048576K
Event: 9.914 GC heap after
Heap after GC invocations=14 (full 3):
 PSYoungGen      total 271872K, used 23017K [0x00000000e0000000, 0x00000000f6280000, 0x0000000100000000)
  eden space 248832K, 0% used [0x00000000e0000000,0x00000000e0000000,0x00000000ef300000)
  from space 23040K, 99% used [0x00000000ef300000,0x00000000f097a510,0x00000000f0980000)
  to   space 32768K, 0% used [0x00000000f4280000,0x00000000f4280000,0x00000000f6280000)
 ParOldGen       total 177664K, used 58752K [0x00000000a0000000, 0x00000000aad80000, 0x00000000e0000000)
  object space 177664K, 33% used [0x00000000a0000000,0x00000000a39600e0,0x00000000aad80000)
 Metaspace       used 69310K, capacity 72774K, committed 72960K, reserved 1112064K
  class space    used 9448K, capacity 10158K, committed 10240K, reserved 1048576K
}
Event: 11.192 GC heap before
{Heap before GC invocations=15 (full 3):
 PSYoungGen      total 271872K, used 271849K [0x00000000e0000000, 0x00000000f6280000, 0x0000000100000000)
  eden space 248832K, 100% used [0x00000000e0000000,0x00000000ef300000,0x00000000ef300000)
  from space 23040K, 99% used [0x00000000ef300000,0x00000000f097a510,0x00000000f0980000)
  to   space 32768K, 0% used [0x00000000f4280000,0x00000000f4280000,0x00000000f6280000)
 ParOldGen       total 177664K, used 58752K [0x00000000a0000000, 0x00000000aad80000, 0x00000000e0000000)
  object space 177664K, 33% used [0x00000000a0000000,0x00000000a39600e0,0x00000000aad80000)
 Metaspace       used 77700K, capacity 82458K, committed 82560K, reserved 1120256K
  class space    used 10742K, capacity 11618K, committed 11648K, reserved 1048576K
Event: 11.219 GC heap after
Heap after GC invocations=15 (full 3):
 PSYoungGen      total 317952K, used 32764K [0x00000000e0000000, 0x00000000f7980000, 0x0000000100000000)
  eden space 285184K, 0% used [0x00000000e0000000,0x00000000e0000000,0x00000000f1680000)
  from space 32768K, 99% used [0x00000000f4280000,0x00000000f627f0f0,0x00000000f6280000)
  to   space 45056K, 0% used [0x00000000f1680000,0x00000000f1680000,0x00000000f4280000)
 ParOldGen       total 177664K, used 79227K [0x00000000a0000000, 0x00000000aad80000, 0x00000000e0000000)
  object space 177664K, 44% used [0x00000000a0000000,0x00000000a4d5ef40,0x00000000aad80000)
 Metaspace       used 77700K, capacity 82458K, committed 82560K, reserved 1120256K
  class space    used 10742K, capacity 11618K, committed 11648K, reserved 1048576K
}
Event: 11.939 GC heap before
{Heap before GC invocations=16 (full 3):
 PSYoungGen      total 317952K, used 317948K [0x00000000e0000000, 0x00000000f7980000, 0x0000000100000000)
  eden space 285184K, 100% used [0x00000000e0000000,0x00000000f1680000,0x00000000f1680000)
  from space 32768K, 99% used [0x00000000f4280000,0x00000000f627f0f0,0x00000000f6280000)
  to   space 45056K, 0% used [0x00000000f1680000,0x00000000f1680000,0x00000000f4280000)
 ParOldGen       total 177664K, used 79227K [0x00000000a0000000, 0x00000000aad80000, 0x00000000e0000000)
  object space 177664K, 44% used [0x00000000a0000000,0x00000000a4d5ef40,0x00000000aad80000)
 Metaspace       used 78547K, capacity 83312K, committed 83456K, reserved 1120256K
  class space    used 10780K, capacity 11667K, committed 11776K, reserved 1048576K
Event: 11.949 GC heap after
Heap after GC invocations=16 (full 3):
 PSYoungGen      total 330240K, used 1632K [0x00000000e0000000, 0x00000000fa180000, 0x0000000100000000)
  eden space 285184K, 0% used [0x00000000e0000000,0x00000000e0000000,0x00000000f1680000)
  from space 45056K, 3% used [0x00000000f1680000,0x00000000f1818000,0x00000000f4280000)
  to   space 45568K, 0% used [0x00000000f7500000,0x00000000f7500000,0x00000000fa180000)
 ParOldGen       total 177664K, used 95084K [0x00000000a0000000, 0x00000000aad80000, 0x00000000e0000000)
  object space 177664K, 53% used [0x00000000a0000000,0x00000000a5cdb198,0x00000000aad80000)
 Metaspace       used 78547K, capacity 83312K, committed 83456K, reserved 1120256K
  class space    used 10780K, capacity 11667K, committed 11776K, reserved 1048576K
}
Event: 20.184 GC heap before
{Heap before GC invocations=17 (full 3):
 PSYoungGen      total 330240K, used 286816K [0x00000000e0000000, 0x00000000fa180000, 0x0000000100000000)
  eden space 285184K, 100% used [0x00000000e0000000,0x00000000f1680000,0x00000000f1680000)
  from space 45056K, 3% used [0x00000000f1680000,0x00000000f1818000,0x00000000f4280000)
  to   space 45568K, 0% used [0x00000000f7500000,0x00000000f7500000,0x00000000fa180000)
 ParOldGen       total 177664K, used 95084K [0x00000000a0000000, 0x00000000aad80000, 0x00000000e0000000)
  object space 177664K, 53% used [0x00000000a0000000,0x00000000a5cdb198,0x00000000aad80000)
 Metaspace       used 86041K, capacity 91470K, committed 91520K, reserved 1128448K
  class space    used 11655K, capacity 12660K, committed 12672K, reserved 1048576K
Event: 20.198 GC heap after
Heap after GC invocations=17 (full 3):
 PSYoungGen      total 360448K, used 19190K [0x00000000e0000000, 0x00000000f9500000, 0x0000000100000000)
  eden space 327680K, 0% used [0x00000000e0000000,0x00000000e0000000,0x00000000f4000000)
  from space 32768K, 58% used [0x00000000f7500000,0x00000000f87bd8c0,0x00000000f9500000)
  to   space 43520K, 0% used [0x00000000f4000000,0x00000000f4000000,0x00000000f6a80000)
 ParOldGen       total 177664K, used 95092K [0x00000000a0000000, 0x00000000aad80000, 0x00000000e0000000)
  object space 177664K, 53% used [0x00000000a0000000,0x00000000a5cdd198,0x00000000aad80000)
 Metaspace       used 86041K, capacity 91470K, committed 91520K, reserved 1128448K
  class space    used 11655K, capacity 12660K, committed 12672K, reserved 1048576K
}
Event: 23.016 GC heap before
{Heap before GC invocations=18 (full 3):
 PSYoungGen      total 360448K, used 346870K [0x00000000e0000000, 0x00000000f9500000, 0x0000000100000000)
  eden space 327680K, 100% used [0x00000000e0000000,0x00000000f4000000,0x00000000f4000000)
  from space 32768K, 58% used [0x00000000f7500000,0x00000000f87bd8c0,0x00000000f9500000)
  to   space 43520K, 0% used [0x00000000f4000000,0x00000000f4000000,0x00000000f6a80000)
 ParOldGen       total 177664K, used 95092K [0x00000000a0000000, 0x00000000aad80000, 0x00000000e0000000)
  object space 177664K, 53% used [0x00000000a0000000,0x00000000a5cdd198,0x00000000aad80000)
 Metaspace       used 86332K, capacity 91732K, committed 91776K, reserved 1128448K
  class space    used 11659K, capacity 12667K, committed 12672K, reserved 1048576K
Event: 23.040 GC heap after
Heap after GC invocations=18 (full 3):
 PSYoungGen      total 371200K, used 31019K [0x00000000e0000000, 0x00000000fc500000, 0x0000000100000000)
  eden space 327680K, 0% used [0x00000000e0000000,0x00000000e0000000,0x00000000f4000000)
  from space 43520K, 71% used [0x00000000f4000000,0x00000000f5e4afd8,0x00000000f6a80000)
  to   space 46080K, 0% used [0x00000000f9800000,0x00000000f9800000,0x00000000fc500000)
 ParOldGen       total 177664K, used 95100K [0x00000000a0000000, 0x00000000aad80000, 0x00000000e0000000)
  object space 177664K, 53% used [0x00000000a0000000,0x00000000a5cdf198,0x00000000aad80000)
 Metaspace       used 86332K, capacity 91732K, committed 91776K, reserved 1128448K
  class space    used 11659K, capacity 12667K, committed 12672K, reserved 1048576K
}

