# JRE version: OpenJDK Runtime Environment (8.0_212-b04) (build 1.8.0_212-release-1586-b04)
# Java VM: OpenJDK 64-Bit Server VM (25.212-b04 mixed mode windows-amd64 compressed oops)
Heap:
 PSYoungGen      total 427520K, used 161150K [0x00000000e0000000, 0x00000000fea80000, 0x0000000100000000)
  eden space 381952K, 30% used [0x00000000e0000000,0x00000000e70e2440,0x00000000f7500000)
  from space 45568K, 99% used [0x00000000f7500000,0x00000000fa17d3f8,0x00000000fa180000)
  to   space 51712K, 0% used [0x00000000fb800000,0x00000000fb800000,0x00000000fea80000)
 ParOldGen       total 270848K, used 67031K [0x00000000a0000000, 0x00000000b0880000, 0x00000000e0000000)
  object space 270848K, 24% used [0x00000000a0000000,0x00000000a4175ef8,0x00000000b0880000)
 Metaspace       used 95660K, capacity 101020K, committed 102272K, reserved 1138688K
  class space    used 12488K, capacity 13483K, committed 13952K, reserved 1048576K
GC Heap History (10 events):
Event: 711.365 GC heap before
{Heap before GC invocations=21 (full 4):
 PSYoungGen      total 401920K, used 372422K [0x00000000e0000000, 0x00000000fb500000, 0x0000000100000000)
  eden space 358400K, 100% used [0x00000000e0000000,0x00000000f5e00000,0x00000000f5e00000)
  from space 43520K, 32% used [0x00000000f8a80000,0x00000000f9831838,0x00000000fb500000)
  to   space 44544K, 0% used [0x00000000f5e00000,0x00000000f5e00000,0x00000000f8980000)
 ParOldGen       total 270848K, used 66295K [0x00000000a0000000, 0x00000000b0880000, 0x00000000e0000000)
  object space 270848K, 24% used [0x00000000a0000000,0x00000000a40bde38,0x00000000b0880000)
 Metaspace       used 92098K, capacity 96494K, committed 99520K, reserved 1134592K
  class space    used 12121K, capacity 12988K, committed 13696K, reserved 1048576K
Event: 711.378 GC heap after
Heap after GC invocations=21 (full 4):
 PSYoungGen      total 402944K, used 26613K [0x00000000e0000000, 0x00000000fc680000, 0x0000000100000000)
  eden space 358400K, 0% used [0x00000000e0000000,0x00000000e0000000,0x00000000f5e00000)
  from space 44544K, 59% used [0x00000000f5e00000,0x00000000f77fd438,0x00000000f8980000)
  to   space 44544K, 0% used [0x00000000f9b00000,0x00000000f9b00000,0x00000000fc680000)
 ParOldGen       total 270848K, used 66303K [0x00000000a0000000, 0x00000000b0880000, 0x00000000e0000000)
  object space 270848K, 24% used [0x00000000a0000000,0x00000000a40bfe38,0x00000000b0880000)
 Metaspace       used 92098K, capacity 96494K, committed 99520K, reserved 1134592K
  class space    used 12121K, capacity 12988K, committed 13696K, reserved 1048576K
}
Event: 737.031 GC heap before
{Heap before GC invocations=22 (full 4):
 PSYoungGen      total 402944K, used 385013K [0x00000000e0000000, 0x00000000fc680000, 0x0000000100000000)
  eden space 358400K, 100% used [0x00000000e0000000,0x00000000f5e00000,0x00000000f5e00000)
  from space 44544K, 59% used [0x00000000f5e00000,0x00000000f77fd438,0x00000000f8980000)
  to   space 44544K, 0% used [0x00000000f9b00000,0x00000000f9b00000,0x00000000fc680000)
 ParOldGen       total 270848K, used 66303K [0x00000000a0000000, 0x00000000b0880000, 0x00000000e0000000)
  object space 270848K, 24% used [0x00000000a0000000,0x00000000a40bfe38,0x00000000b0880000)
 Metaspace       used 92621K, capacity 97188K, committed 99968K, reserved 1136640K
  class space    used 12177K, capacity 13061K, committed 13696K, reserved 1048576K
Event: 737.046 GC heap after
Heap after GC invocations=22 (full 4):
 PSYoungGen      total 413696K, used 27549K [0x00000000e0000000, 0x00000000fc300000, 0x0000000100000000)
  eden space 372736K, 0% used [0x00000000e0000000,0x00000000e0000000,0x00000000f6c00000)
  from space 40960K, 67% used [0x00000000f9b00000,0x00000000fb5e7608,0x00000000fc300000)
  to   space 44544K, 0% used [0x00000000f6c00000,0x00000000f6c00000,0x00000000f9780000)
 ParOldGen       total 270848K, used 66311K [0x00000000a0000000, 0x00000000b0880000, 0x00000000e0000000)
  object space 270848K, 24% used [0x00000000a0000000,0x00000000a40c1e38,0x00000000b0880000)
 Metaspace       used 92621K, capacity 97188K, committed 99968K, reserved 1136640K
  class space    used 12177K, capacity 13061K, committed 13696K, reserved 1048576K
}
Event: 778.770 GC heap before
{Heap before GC invocations=23 (full 4):
 PSYoungGen      total 413696K, used 400285K [0x00000000e0000000, 0x00000000fc300000, 0x0000000100000000)
  eden space 372736K, 100% used [0x00000000e0000000,0x00000000f6c00000,0x00000000f6c00000)
  from space 40960K, 67% used [0x00000000f9b00000,0x00000000fb5e7608,0x00000000fc300000)
  to   space 44544K, 0% used [0x00000000f6c00000,0x00000000f6c00000,0x00000000f9780000)
 ParOldGen       total 270848K, used 66311K [0x00000000a0000000, 0x00000000b0880000, 0x00000000e0000000)
  object space 270848K, 24% used [0x00000000a0000000,0x00000000a40c1e38,0x00000000b0880000)
 Metaspace       used 93739K, capacity 98426K, committed 100864K, reserved 1136640K
  class space    used 12300K, capacity 13228K, committed 13824K, reserved 1048576K
Event: 778.786 GC heap after
Heap after GC invocations=23 (full 4):
 PSYoungGen      total 417280K, used 29023K [0x00000000e0000000, 0x00000000fcf80000, 0x0000000100000000)
  eden space 372736K, 0% used [0x00000000e0000000,0x00000000e0000000,0x00000000f6c00000)
  from space 44544K, 65% used [0x00000000f6c00000,0x00000000f8857fd0,0x00000000f9780000)
  to   space 45056K, 0% used [0x00000000fa380000,0x00000000fa380000,0x00000000fcf80000)
 ParOldGen       total 270848K, used 66319K [0x00000000a0000000, 0x00000000b0880000, 0x00000000e0000000)
  object space 270848K, 24% used [0x00000000a0000000,0x00000000a40c3e38,0x00000000b0880000)
 Metaspace       used 93739K, capacity 98426K, committed 100864K, reserved 1136640K
  class space    used 12300K, capacity 13228K, committed 13824K, reserved 1048576K
}
Event: 890.906 GC heap before
{Heap before GC invocations=24 (full 4):
 PSYoungGen      total 417280K, used 401759K [0x00000000e0000000, 0x00000000fcf80000, 0x0000000100000000)
  eden space 372736K, 100% used [0x00000000e0000000,0x00000000f6c00000,0x00000000f6c00000)
  from space 44544K, 65% used [0x00000000f6c00000,0x00000000f8857fd0,0x00000000f9780000)
  to   space 45056K, 0% used [0x00000000fa380000,0x00000000fa380000,0x00000000fcf80000)
 ParOldGen       total 270848K, used 66319K [0x00000000a0000000, 0x00000000b0880000, 0x00000000e0000000)
  object space 270848K, 24% used [0x00000000a0000000,0x00000000a40c3e38,0x00000000b0880000)
 Metaspace       used 94783K, capacity 100032K, committed 101504K, reserved 1136640K
  class space    used 12456K, capacity 13461K, committed 13952K, reserved 1048576K
Event: 890.919 GC heap after
Heap after GC invocations=24 (full 4):
 PSYoungGen      total 425472K, used 29360K [0x00000000e0000000, 0x00000000fce00000, 0x0000000100000000)
  eden space 381952K, 0% used [0x00000000e0000000,0x00000000e0000000,0x00000000f7500000)
  from space 43520K, 67% used [0x00000000fa380000,0x00000000fc02c380,0x00000000fce00000)
  to   space 45568K, 0% used [0x00000000f7500000,0x00000000f7500000,0x00000000fa180000)
 ParOldGen       total 270848K, used 66327K [0x00000000a0000000, 0x00000000b0880000, 0x00000000e0000000)
  object space 270848K, 24% used [0x00000000a0000000,0x00000000a40c5e38,0x00000000b0880000)
 Metaspace       used 94783K, capacity 100032K, committed 101504K, reserved 1136640K
  class space    used 12456K, capacity 13461K, committed 13952K, reserved 1048576K
}
Event: 893.621 GC heap before
{Heap before GC invocations=25 (full 4):
 PSYoungGen      total 425472K, used 411153K [0x00000000e0000000, 0x00000000fce00000, 0x0000000100000000)
  eden space 381952K, 99% used [0x00000000e0000000,0x00000000f74d83a8,0x00000000f7500000)
  from space 43520K, 67% used [0x00000000fa380000,0x00000000fc02c380,0x00000000fce00000)
  to   space 45568K, 0% used [0x00000000f7500000,0x00000000f7500000,0x00000000fa180000)
 ParOldGen       total 270848K, used 66327K [0x00000000a0000000, 0x00000000b0880000, 0x00000000e0000000)
  object space 270848K, 24% used [0x00000000a0000000,0x00000000a40c5e38,0x00000000b0880000)
 Metaspace       used 95447K, capacity 100734K, committed 102016K, reserved 1136640K
  class space    used 12482K, capacity 13478K, committed 13952K, reserved 1048576K
Event: 893.652 GC heap after
Heap after GC invocations=25 (full 4):
 PSYoungGen      total 427520K, used 45556K [0x00000000e0000000, 0x00000000fea80000, 0x0000000100000000)
  eden space 381952K, 0% used [0x00000000e0000000,0x00000000e0000000,0x00000000f7500000)
  from space 45568K, 99% used [0x00000000f7500000,0x00000000fa17d3f8,0x00000000fa180000)
  to   space 51712K, 0% used [0x00000000fb800000,0x00000000fb800000,0x00000000fea80000)
 ParOldGen       total 270848K, used 67031K [0x00000000a0000000, 0x00000000b0880000, 0x00000000e0000000)
  object space 270848K, 24% used [0x00000000a0000000,0x00000000a4175ef8,0x00000000b0880000)
 Metaspace       used 95447K, capacity 100734K, committed 102016K, reserved 1136640K
  class space    used 12482K, capacity 13478K, committed 13952K, reserved 1048576K
}

